<?xml version="1.0" encoding="UTF-8"?>
<robot generator="Robot 7.0.1 (Python 3.12.4 on win32)" generated="2024-08-13T11:47:30.762457" rpa="false" schemaversion="5">
<suite id="s1" name="GetRUserNotFound" source="E:\PythonProject\APIAutomation\GetRUserNotFound.robot">
<test id="s1-t1" name="RUserNotFound" line="8">
<kw name="Create Session" owner="RequestsLibrary">
<msg time="2024-08-13T11:47:32.550675" level="INFO">Creating Session using : alias=hostsession, url=https://reqres.in, headers={},                     cookies={}, auth=None, timeout=None, proxies=None, verify=False,                     debug=0 </msg>
<arg>hostsession</arg>
<arg>${host}</arg>
<doc>Create Session: create a HTTP session to a server</doc>
<status status="PASS" start="2024-08-13T11:47:32.550675" elapsed="0.000000"/>
</kw>
<kw name="Get Request" owner="RequestsLibrary">
<msg time="2024-08-13T11:47:32.551672" level="WARN">Keyword 'RequestsLibrary.Get Request' is deprecated. Please use `GET On Session` instead.</msg>
<msg time="2024-08-13T11:47:33.441293" level="INFO">GET Request : url=https://reqres.in/api/unknown/23 
 path_url=/api/unknown/23 
 headers={'User-Agent': 'python-requests/2.32.3', 'Accept-Encoding': 'gzip, deflate', 'Accept': '*/*', 'Connection': 'keep-alive'} 
 body=None 
 </msg>
<msg time="2024-08-13T11:47:33.441293" level="INFO">GET Response : url=https://reqres.in/api/unknown/23 
 status=404, reason=Not Found 
 headers={'Date': 'Tue, 13 Aug 2024 06:17:34 GMT', 'Content-Type': 'application/json; charset=utf-8', 'Content-Length': '2', 'Connection': 'keep-alive', 'Report-To': '{"group":"heroku-nel","max_age":3600,"endpoints":[{"url":"https://nel.heroku.com/reports?ts=1723529854&amp;sid=c4c9725f-1ab0-44d8-820f-430df2718e11&amp;s=4%2FbCmZSd8o%2BRrWQYkP9GPYFLuSeYfZ0hHEyxwVP5uE8%3D"}]}', 'Reporting-Endpoints': 'heroku-nel=https://nel.heroku.com/reports?ts=1723529854&amp;sid=c4c9725f-1ab0-44d8-820f-430df2718e11&amp;s=4%2FbCmZSd8o%2BRrWQYkP9GPYFLuSeYfZ0hHEyxwVP5uE8%3D', 'Nel': '{"report_to":"heroku-nel","max_age":3600,"success_fraction":0.005,"failure_fraction":0.05,"response_headers":["Via"]}', 'X-Powered-By': 'Express', 'Access-Control-Allow-Origin': '*', 'Etag': 'W/"2-vyGp6PvFo4RvsFtPoIWeCReyIC8"', 'Via': '1.1 vegur', 'Cache-Control': 'max-age=14400', 'CF-Cache-Status': 'EXPIRED', 'Vary': 'Accept-Encoding', 'Server': 'cloudflare', 'CF-RAY': '8b269532390a446f-BOM'} 
 body={} 
 </msg>
<msg time="2024-08-13T11:47:33.441293" level="INFO">C:\Apps\Lib\site-packages\urllib3\connectionpool.py:1099: InsecureRequestWarning: Unverified HTTPS request is being made to host 'reqres.in'. Adding certificate verification is strongly advised. See: https://urllib3.readthedocs.io/en/latest/advanced-usage.html#tls-warnings
  warnings.warn(</msg>
<msg time="2024-08-13T11:47:33.441293" level="INFO">${response} = &lt;Response [404]&gt;</msg>
<var>${response}</var>
<arg>hostsession</arg>
<arg>${RUserNotFound}</arg>
<doc>*DEPRECATED* Please use `GET On Session` instead.</doc>
<status status="PASS" start="2024-08-13T11:47:32.551672" elapsed="0.890619"/>
</kw>
<kw name="Log" owner="BuiltIn">
<msg time="2024-08-13T11:47:33.443301" level="INFO">404</msg>
<arg>${response.status_code}</arg>
<doc>Logs the given message with the given level.</doc>
<status status="PASS" start="2024-08-13T11:47:33.442291" elapsed="0.001010"/>
</kw>
<kw name="Log" owner="BuiltIn">
<msg time="2024-08-13T11:47:33.445282" level="INFO">{}</msg>
<arg>${response.content}</arg>
<doc>Logs the given message with the given level.</doc>
<status status="PASS" start="2024-08-13T11:47:33.444286" elapsed="0.000996"/>
</kw>
<kw name="Run Keyword And Continue On Failure" owner="BuiltIn">
<kw name="RUserNotFoundCodeValidation">
<kw name="Log" owner="BuiltIn">
<msg time="2024-08-13T11:47:33.447277" level="INFO">404</msg>
<arg>${code}</arg>
<doc>Logs the given message with the given level.</doc>
<status status="PASS" start="2024-08-13T11:47:33.447277" elapsed="0.000998"/>
</kw>
<kw name="Run Keyword And Continue On Failure" owner="BuiltIn">
<kw name="Should Be Equal As Integers" owner="BuiltIn">
<msg time="2024-08-13T11:47:33.448275" level="INFO">Argument types are:
&lt;class 'int'&gt;
&lt;class 'str'&gt;</msg>
<arg>${code}</arg>
<arg>404</arg>
<doc>Fails if objects are unequal after converting them to integers.</doc>
<status status="PASS" start="2024-08-13T11:47:33.448275" elapsed="0.000000"/>
</kw>
<arg>should be equal as integers</arg>
<arg>${code}</arg>
<arg>404</arg>
<doc>Runs the keyword and continues execution even if a failure occurs.</doc>
<status status="PASS" start="2024-08-13T11:47:33.448275" elapsed="0.000997"/>
</kw>
<arg>${response.status_code}</arg>
<status status="PASS" start="2024-08-13T11:47:33.446280" elapsed="0.002992"/>
</kw>
<arg>RUserNotFoundCodeValidation</arg>
<arg>${response.status_code}</arg>
<doc>Runs the keyword and continues execution even if a failure occurs.</doc>
<status status="PASS" start="2024-08-13T11:47:33.445282" elapsed="0.003990"/>
</kw>
<status status="PASS" start="2024-08-13T11:47:32.546685" elapsed="0.902587"/>
</test>
<status status="PASS" start="2024-08-13T11:47:30.767451" elapsed="2.682818"/>
</suite>
<statistics>
<total>
<stat pass="1" fail="0" skip="0">All Tests</stat>
</total>
<tag>
</tag>
<suite>
<stat pass="1" fail="0" skip="0" id="s1" name="GetRUserNotFound">GetRUserNotFound</stat>
</suite>
</statistics>
<errors>
<msg time="2024-08-13T11:47:32.551672" level="WARN">Keyword 'RequestsLibrary.Get Request' is deprecated. Please use `GET On Session` instead.</msg>
</errors>
</robot>
