<?xml version="1.0" encoding="UTF-8"?>
<robot generator="Robot 7.0.1 (Python 3.12.4 on win32)" generated="2024-08-13T11:47:02.627506" rpa="false" schemaversion="5">
<suite id="s1" name="Delete" source="E:\PythonProject\APIAutomation\Delete.robot">
<test id="s1-t1" name="UserRemovefrormSer" line="9">
<kw name="Create Session" owner="RequestsLibrary">
<msg time="2024-08-13T11:47:03.203092" level="INFO">Creating Session using : alias=removesession, url=https://reqres.in, headers={},                     cookies={}, auth=None, timeout=None, proxies=None, verify=False,                     debug=0 </msg>
<arg>removesession</arg>
<arg>${host}</arg>
<doc>Create Session: create a HTTP session to a server</doc>
<status status="PASS" start="2024-08-13T11:47:03.203092" elapsed="0.000996"/>
</kw>
<kw name="Delete Request" owner="RequestsLibrary">
<msg time="2024-08-13T11:47:03.204088" level="WARN">Keyword 'RequestsLibrary.Delete Request' is deprecated. Please use `DELETE On Session` instead.</msg>
<msg time="2024-08-13T11:47:03.891969" level="INFO">DELETE Request : url=https://reqres.in/api/users/2 
 path_url=/api/users/2 
 headers={'User-Agent': 'python-requests/2.32.3', 'Accept-Encoding': 'gzip, deflate', 'Accept': '*/*', 'Connection': 'keep-alive', 'Content-Length': '0'} 
 body=None 
 </msg>
<msg time="2024-08-13T11:47:03.891969" level="INFO">DELETE Response : url=https://reqres.in/api/users/2 
 status=204, reason=No Content 
 headers={'Date': 'Tue, 13 Aug 2024 06:17:04 GMT', 'Content-Length': '0', 'Connection': 'keep-alive', 'Report-To': '{"group":"heroku-nel","max_age":3600,"endpoints":[{"url":"https://nel.heroku.com/reports?ts=1723529824&amp;sid=c4c9725f-1ab0-44d8-820f-430df2718e11&amp;s=ZGagZjDXkm6mdI7wUi4L3p3UBcpy9t4L2vq4WJrmh0k%3D"}]}', 'Reporting-Endpoints': 'heroku-nel=https://nel.heroku.com/reports?ts=1723529824&amp;sid=c4c9725f-1ab0-44d8-820f-430df2718e11&amp;s=ZGagZjDXkm6mdI7wUi4L3p3UBcpy9t4L2vq4WJrmh0k%3D', 'Nel': '{"report_to":"heroku-nel","max_age":3600,"success_fraction":0.005,"failure_fraction":0.05,"response_headers":["Via"]}', 'X-Powered-By': 'Express', 'Access-Control-Allow-Origin': '*', 'Etag': 'W/"2-vyGp6PvFo4RvsFtPoIWeCReyIC8"', 'Via': '1.1 vegur', 'CF-Cache-Status': 'DYNAMIC', 'Server': 'cloudflare', 'CF-RAY': '8b26947a7e9846f6-BOM'} 
 body=None 
 </msg>
<msg time="2024-08-13T11:47:03.891969" level="INFO">C:\Apps\Lib\site-packages\urllib3\connectionpool.py:1099: InsecureRequestWarning: Unverified HTTPS request is being made to host 'reqres.in'. Adding certificate verification is strongly advised. See: https://urllib3.readthedocs.io/en/latest/advanced-usage.html#tls-warnings
  warnings.warn(</msg>
<msg time="2024-08-13T11:47:03.891969" level="INFO">${response} = &lt;Response [204]&gt;</msg>
<var>${response}</var>
<arg>removesession</arg>
<arg>${path}</arg>
<doc>*DEPRECATED* Please use `DELETE On Session` instead.</doc>
<status status="PASS" start="2024-08-13T11:47:03.204088" elapsed="0.687881"/>
</kw>
<kw name="Log" owner="BuiltIn">
<msg time="2024-08-13T11:47:03.892963" level="INFO">&lt;Response [204]&gt;</msg>
<arg>${response}</arg>
<doc>Logs the given message with the given level.</doc>
<status status="PASS" start="2024-08-13T11:47:03.892963" elapsed="0.000000"/>
</kw>
<status status="PASS" start="2024-08-13T11:47:03.201067" elapsed="0.691896"/>
</test>
<status status="PASS" start="2024-08-13T11:47:02.630497" elapsed="1.263494"/>
</suite>
<statistics>
<total>
<stat pass="1" fail="0" skip="0">All Tests</stat>
</total>
<tag>
</tag>
<suite>
<stat pass="1" fail="0" skip="0" id="s1" name="Delete">Delete</stat>
</suite>
</statistics>
<errors>
<msg time="2024-08-13T11:47:03.204088" level="WARN">Keyword 'RequestsLibrary.Delete Request' is deprecated. Please use `DELETE On Session` instead.</msg>
</errors>
</robot>
