<?xml version="1.0" encoding="UTF-8"?>
<robot generator="Robot 7.0.1 (Python 3.12.4 on win32)" generated="2024-08-13T11:47:37.675967" rpa="false" schemaversion="5">
<suite id="s1" name="GetSR" source="E:\PythonProject\APIAutomation\GetSR.robot">
<test id="s1-t1" name="SRUserGet" line="10">
<kw name="Create Session" owner="RequestsLibrary">
<msg time="2024-08-13T11:47:39.580873" level="INFO">Creating Session using : alias=hostsession, url=https://reqres.in, headers={},                     cookies={}, auth=None, timeout=None, proxies=None, verify=False,                     debug=0 </msg>
<arg>hostsession</arg>
<arg>${host}</arg>
<doc>Create Session: create a HTTP session to a server</doc>
<status status="PASS" start="2024-08-13T11:47:39.579875" elapsed="0.003996"/>
</kw>
<kw name="Get Request" owner="RequestsLibrary">
<msg time="2024-08-13T11:47:39.584862" level="WARN">Keyword 'RequestsLibrary.Get Request' is deprecated. Please use `GET On Session` instead.</msg>
<msg time="2024-08-13T11:47:41.882716" level="INFO">GET Request : url=https://reqres.in/api/unknown/2 
 path_url=/api/unknown/2 
 headers={'User-Agent': 'python-requests/2.32.3', 'Accept-Encoding': 'gzip, deflate', 'Accept': '*/*', 'Connection': 'keep-alive'} 
 body=None 
 </msg>
<msg time="2024-08-13T11:47:41.882716" level="INFO">GET Response : url=https://reqres.in/api/unknown/2 
 status=200, reason=OK 
 headers={'Date': 'Tue, 13 Aug 2024 06:17:41 GMT', 'Content-Type': 'application/json; charset=utf-8', 'Transfer-Encoding': 'chunked', 'Connection': 'keep-alive', 'Report-To': '{"group":"heroku-nel","max_age":3600,"endpoints":[{"url":"https://nel.heroku.com/reports?ts=1722507344&amp;sid=c4c9725f-1ab0-44d8-820f-430df2718e11&amp;s=%2FLMs4blVtZ4He3rwAdzCN8qxu44QBxMXX4BDaUki2eI%3D"}]}', 'Reporting-Endpoints': 'heroku-nel=https://nel.heroku.com/reports?ts=1722507344&amp;sid=c4c9725f-1ab0-44d8-820f-430df2718e11&amp;s=%2FLMs4blVtZ4He3rwAdzCN8qxu44QBxMXX4BDaUki2eI%3D', 'Nel': '{"report_to":"heroku-nel","max_age":3600,"success_fraction":0.005,"failure_fraction":0.05,"response_headers":["Via"]}', 'X-Powered-By': 'Express', 'Access-Control-Allow-Origin': '*', 'Etag': 'W/"e8-ov4wWh4/OY1IMQMqWgskYtOFnVs"', 'Via': '1.1 vegur', 'Cache-Control': 'max-age=14400', 'CF-Cache-Status': 'HIT', 'Age': '4295', 'Vary': 'Accept-Encoding', 'Server': 'cloudflare', 'CF-RAY': '8b26956349692dfe-BOM', 'Content-Encoding': 'gzip'} 
 body={"data":{"id":2,"name":"fuchsia rose","year":2001,"color":"#C74375","pantone_value":"17-2031"},"support":{"url":"https://reqres.in/#support-heading","text":"To keep ReqRes free, contributions towards server costs are appreciated!"}} 
 </msg>
<msg time="2024-08-13T11:47:41.883713" level="INFO">C:\Apps\Lib\site-packages\urllib3\connectionpool.py:1099: InsecureRequestWarning: Unverified HTTPS request is being made to host 'reqres.in'. Adding certificate verification is strongly advised. See: https://urllib3.readthedocs.io/en/latest/advanced-usage.html#tls-warnings
  warnings.warn(</msg>
<msg time="2024-08-13T11:47:41.883713" level="INFO">${response} = &lt;Response [200]&gt;</msg>
<var>${response}</var>
<arg>hostsession</arg>
<arg>${GetSRPath}</arg>
<doc>*DEPRECATED* Please use `GET On Session` instead.</doc>
<status status="PASS" start="2024-08-13T11:47:39.584862" elapsed="2.298851"/>
</kw>
<kw name="Log" owner="BuiltIn">
<msg time="2024-08-13T11:47:41.884711" level="INFO">200</msg>
<arg>${response.status_code}</arg>
<doc>Logs the given message with the given level.</doc>
<status status="PASS" start="2024-08-13T11:47:41.883713" elapsed="0.000998"/>
</kw>
<kw name="Log" owner="BuiltIn">
<msg time="2024-08-13T11:47:41.886707" level="INFO">{"data":{"id":2,"name":"fuchsia rose","year":2001,"color":"#C74375","pantone_value":"17-2031"},"support":{"url":"https://reqres.in/#support-heading","text":"To keep ReqRes free, contributions towards server costs are appreciated!"}}</msg>
<arg>${response.content}</arg>
<doc>Logs the given message with the given level.</doc>
<status status="PASS" start="2024-08-13T11:47:41.885709" elapsed="0.000998"/>
</kw>
<kw name="Run Keyword And Continue On Failure" owner="BuiltIn">
<kw name="GetSRCodeValidation">
<kw name="Log" owner="BuiltIn">
<msg time="2024-08-13T11:47:41.889716" level="INFO">200</msg>
<arg>${code}</arg>
<doc>Logs the given message with the given level.</doc>
<status status="PASS" start="2024-08-13T11:47:41.888701" elapsed="0.001015"/>
</kw>
<kw name="Run Keyword And Continue On Failure" owner="BuiltIn">
<kw name="Should Be Equal As Integers" owner="BuiltIn">
<msg time="2024-08-13T11:47:41.890698" level="INFO">Argument types are:
&lt;class 'int'&gt;
&lt;class 'str'&gt;</msg>
<arg>${code}</arg>
<arg>200</arg>
<doc>Fails if objects are unequal after converting them to integers.</doc>
<status status="PASS" start="2024-08-13T11:47:41.890698" elapsed="0.000000"/>
</kw>
<arg>should be equal as integers</arg>
<arg>${code}</arg>
<arg>200</arg>
<doc>Runs the keyword and continues execution even if a failure occurs.</doc>
<status status="PASS" start="2024-08-13T11:47:41.889716" elapsed="0.000982"/>
</kw>
<arg>${response.status_code}</arg>
<status status="PASS" start="2024-08-13T11:47:41.887704" elapsed="0.002994"/>
</kw>
<arg>GetSRCodeValidation</arg>
<arg>${response.status_code}</arg>
<doc>Runs the keyword and continues execution even if a failure occurs.</doc>
<status status="PASS" start="2024-08-13T11:47:41.886707" elapsed="0.004987"/>
</kw>
<kw name="Run Keyword And Continue On Failure" owner="BuiltIn">
<kw name="GetSRContentValidation">
<kw name="Log" owner="BuiltIn">
<msg time="2024-08-13T11:47:41.894687" level="INFO">{"data":{"id":2,"name":"fuchsia rose","year":2001,"color":"#C74375","pantone_value":"17-2031"},"support":{"url":"https://reqres.in/#support-heading","text":"To keep ReqRes free, contributions towards server costs are appreciated!"}}</msg>
<arg>${data}</arg>
<doc>Logs the given message with the given level.</doc>
<status status="PASS" start="2024-08-13T11:47:41.893688" elapsed="0.000999"/>
</kw>
<kw name="Evaluate" owner="BuiltIn">
<msg time="2024-08-13T11:47:41.896680" level="INFO">${json} = {'data': {'id': 2, 'name': 'fuchsia rose', 'year': 2001, 'color': '#C74375', 'pantone_value': '17-2031'}, 'support': {'url': 'https://reqres.in/#support-heading', 'text': 'To keep ReqRes free, contrib...</msg>
<var>${json}</var>
<arg>json.loads('''${data}''')</arg>
<doc>Evaluates the given expression in Python and returns the result.</doc>
<status status="PASS" start="2024-08-13T11:47:41.894687" elapsed="0.001993"/>
</kw>
<kw name="Run Keyword And Continue On Failure" owner="BuiltIn">
<kw name="Should Be Equal As Integers" owner="BuiltIn">
<msg time="2024-08-13T11:47:41.898674" level="INFO">Argument types are:
&lt;class 'int'&gt;
&lt;class 'str'&gt;</msg>
<arg>${json['data']['id']}</arg>
<arg>2</arg>
<doc>Fails if objects are unequal after converting them to integers.</doc>
<status status="PASS" start="2024-08-13T11:47:41.897677" elapsed="0.000997"/>
</kw>
<arg>should be equal as integers</arg>
<arg>${json['data']['id']}</arg>
<arg>2</arg>
<doc>Runs the keyword and continues execution even if a failure occurs.</doc>
<status status="PASS" start="2024-08-13T11:47:41.896680" elapsed="0.002992"/>
</kw>
<kw name="Run Keyword And Continue On Failure" owner="BuiltIn">
<kw name="Should Be Equal As Strings" owner="BuiltIn">
<arg>${json['data']['name']}</arg>
<arg>fuchsia rose</arg>
<doc>Fails if objects are unequal after converting them to strings.</doc>
<status status="PASS" start="2024-08-13T11:47:41.899672" elapsed="0.000997"/>
</kw>
<arg>should be equal as strings</arg>
<arg>${json['data']['name']}</arg>
<arg>fuchsia rose</arg>
<doc>Runs the keyword and continues execution even if a failure occurs.</doc>
<status status="PASS" start="2024-08-13T11:47:41.899672" elapsed="0.001995"/>
</kw>
<kw name="Run Keyword And Continue On Failure" owner="BuiltIn">
<kw name="Should Match Regexp" owner="BuiltIn">
<arg>${json['data']['pantone_value']}</arg>
<arg>[0-9]</arg>
<doc>Fails if ``string`` does not match ``pattern`` as a regular expression.</doc>
<status status="PASS" start="2024-08-13T11:47:41.901667" elapsed="0.000996"/>
</kw>
<arg>should match regexp</arg>
<arg>${json['data']['pantone_value']}</arg>
<arg>[0-9]</arg>
<doc>Runs the keyword and continues execution even if a failure occurs.</doc>
<status status="PASS" start="2024-08-13T11:47:41.901667" elapsed="0.001993"/>
</kw>
<arg>${response.content}</arg>
<status status="PASS" start="2024-08-13T11:47:41.891694" elapsed="0.011966"/>
</kw>
<arg>GetSRContentValidation</arg>
<arg>${response.content}</arg>
<doc>Runs the keyword and continues execution even if a failure occurs.</doc>
<status status="PASS" start="2024-08-13T11:47:41.891694" elapsed="0.011966"/>
</kw>
<status status="PASS" start="2024-08-13T11:47:39.574888" elapsed="2.328772"/>
</test>
<status status="PASS" start="2024-08-13T11:47:37.680954" elapsed="4.223704"/>
</suite>
<statistics>
<total>
<stat pass="1" fail="0" skip="0">All Tests</stat>
</total>
<tag>
</tag>
<suite>
<stat pass="1" fail="0" skip="0" id="s1" name="GetSR">GetSR</stat>
</suite>
</statistics>
<errors>
<msg time="2024-08-13T11:47:39.584862" level="WARN">Keyword 'RequestsLibrary.Get Request' is deprecated. Please use `GET On Session` instead.</msg>
</errors>
</robot>
