<?xml version="1.0" encoding="UTF-8"?>
<robot generator="Robot 7.0.1 (Python 3.12.4 on win32)" generated="2024-08-13T11:47:05.069359" rpa="false" schemaversion="5">
<suite id="s1" name="GetAPI" source="E:\PythonProject\APIAutomation\GetAPI.robot">
<test id="s1-t1" name="UserRetrive" line="9">
<kw name="Create Session" owner="RequestsLibrary">
<msg time="2024-08-13T11:47:05.717477" level="INFO">Creating Session using : alias=ritusession, url=https://reqres.in, headers={},                     cookies={}, auth=None, timeout=None, proxies=None, verify=False,                     debug=0 </msg>
<arg>ritusession</arg>
<arg>${host}</arg>
<doc>Create Session: create a HTTP session to a server</doc>
<status status="PASS" start="2024-08-13T11:47:05.717477" elapsed="0.000997"/>
</kw>
<kw name="Get Request" owner="RequestsLibrary">
<msg time="2024-08-13T11:47:05.718474" level="WARN">Keyword 'RequestsLibrary.Get Request' is deprecated. Please use `GET On Session` instead.</msg>
<msg time="2024-08-13T11:47:06.013309" level="INFO">GET Request : url=https://reqres.in/api/users/2 
 path_url=/api/users/2 
 headers={'User-Agent': 'python-requests/2.32.3', 'Accept-Encoding': 'gzip, deflate', 'Accept': '*/*', 'Connection': 'keep-alive'} 
 body=None 
 </msg>
<msg time="2024-08-13T11:47:06.014306" level="INFO">GET Response : url=https://reqres.in/api/users/2 
 status=200, reason=OK 
 headers={'Date': 'Tue, 13 Aug 2024 06:17:06 GMT', 'Content-Type': 'application/json; charset=utf-8', 'Transfer-Encoding': 'chunked', 'Connection': 'keep-alive', 'Report-To': '{"group":"heroku-nel","max_age":3600,"endpoints":[{"url":"https://nel.heroku.com/reports?ts=1723489779&amp;sid=c4c9725f-1ab0-44d8-820f-430df2718e11&amp;s=8d2HT8k%2Fld6J4LuGg07xVxUIfvw65lomAJkpE1Mk3H0%3D"}]}', 'Reporting-Endpoints': 'heroku-nel=https://nel.heroku.com/reports?ts=1723489779&amp;sid=c4c9725f-1ab0-44d8-820f-430df2718e11&amp;s=8d2HT8k%2Fld6J4LuGg07xVxUIfvw65lomAJkpE1Mk3H0%3D', 'Nel': '{"report_to":"heroku-nel","max_age":3600,"success_fraction":0.005,"failure_fraction":0.05,"response_headers":["Via"]}', 'X-Powered-By': 'Express', 'Access-Control-Allow-Origin': '*', 'Etag': 'W/"118-pbdwwFo9SKNhD3Lx5iHJyngpq00"', 'Via': '1.1 vegur', 'Cache-Control': 'max-age=14400', 'CF-Cache-Status': 'HIT', 'Age': '3905', 'Vary': 'Accept-Encoding', 'Server': 'cloudflare', 'CF-RAY': '8b269489bb5ef56f-BOM', 'Content-Encoding': 'gzip'} 
 body={"data":{"id":2,"email":"janet.weaver@reqres.in","first_name":"Janet","last_name":"Weaver","avatar":"https://reqres.in/img/faces/2-image.jpg"},"support":{"url":"https://reqres.in/#support-heading","text":"To keep ReqRes free, contributions towards server costs are appreciated!"}} 
 </msg>
<msg time="2024-08-13T11:47:06.014306" level="INFO">C:\Apps\Lib\site-packages\urllib3\connectionpool.py:1099: InsecureRequestWarning: Unverified HTTPS request is being made to host 'reqres.in'. Adding certificate verification is strongly advised. See: https://urllib3.readthedocs.io/en/latest/advanced-usage.html#tls-warnings
  warnings.warn(</msg>
<msg time="2024-08-13T11:47:06.014306" level="INFO">${response} = &lt;Response [200]&gt;</msg>
<var>${response}</var>
<arg>ritusession</arg>
<arg>${path}</arg>
<doc>*DEPRECATED* Please use `GET On Session` instead.</doc>
<status status="PASS" start="2024-08-13T11:47:05.718474" elapsed="0.295832"/>
</kw>
<kw name="Log" owner="BuiltIn">
<msg time="2024-08-13T11:47:06.016301" level="INFO">200</msg>
<arg>${response.status_code}</arg>
<doc>Logs the given message with the given level.</doc>
<status status="PASS" start="2024-08-13T11:47:06.015304" elapsed="0.000997"/>
</kw>
<kw name="Run Keyword And Continue On Failure" owner="BuiltIn">
<kw name="StatusCode_Validation">
<kw name="Run Keyword And Continue On Failure" owner="BuiltIn">
<kw name="Should Be Equal As Integers" owner="BuiltIn">
<msg time="2024-08-13T11:47:06.020293" level="INFO">Argument types are:
&lt;class 'int'&gt;
&lt;class 'str'&gt;</msg>
<arg>${statuscode}</arg>
<arg>200</arg>
<doc>Fails if objects are unequal after converting them to integers.</doc>
<status status="PASS" start="2024-08-13T11:47:06.018295" elapsed="0.001998"/>
</kw>
<arg>should be equal as integers</arg>
<arg>${statuscode}</arg>
<arg>200</arg>
<doc>Runs the keyword and continues execution even if a failure occurs.</doc>
<status status="PASS" start="2024-08-13T11:47:06.018295" elapsed="0.002993"/>
</kw>
<arg>${response.status_code}</arg>
<status status="PASS" start="2024-08-13T11:47:06.017298" elapsed="0.004987"/>
</kw>
<arg>StatusCode_Validation</arg>
<arg>${response.status_code}</arg>
<doc>Runs the keyword and continues execution even if a failure occurs.</doc>
<status status="PASS" start="2024-08-13T11:47:06.016301" elapsed="0.005984"/>
</kw>
<kw name="Log" owner="BuiltIn">
<msg time="2024-08-13T11:47:06.023282" level="INFO">{"data":{"id":2,"email":"janet.weaver@reqres.in","first_name":"Janet","last_name":"Weaver","avatar":"https://reqres.in/img/faces/2-image.jpg"},"support":{"url":"https://reqres.in/#support-heading","text":"To keep ReqRes free, contributions towards server costs are appreciated!"}}</msg>
<arg>${response.content}</arg>
<doc>Logs the given message with the given level.</doc>
<status status="PASS" start="2024-08-13T11:47:06.022285" elapsed="0.000997"/>
</kw>
<kw name="Run Keyword And Continue On Failure" owner="BuiltIn">
<kw name="Content_Validation">
<kw name="Log" owner="BuiltIn">
<msg time="2024-08-13T11:47:06.025282" level="INFO">{"data":{"id":2,"email":"janet.weaver@reqres.in","first_name":"Janet","last_name":"Weaver","avatar":"https://reqres.in/img/faces/2-image.jpg"},"support":{"url":"https://reqres.in/#support-heading","text":"To keep ReqRes free, contributions towards server costs are appreciated!"}}</msg>
<arg>${rawdata}</arg>
<doc>Logs the given message with the given level.</doc>
<status status="PASS" start="2024-08-13T11:47:06.025282" elapsed="0.000000"/>
</kw>
<kw name="Evaluate" owner="BuiltIn">
<msg time="2024-08-13T11:47:06.025282" level="INFO">${json} = {'data': {'id': 2, 'email': 'janet.weaver@reqres.in', 'first_name': 'Janet', 'last_name': 'Weaver', 'avatar': 'https://reqres.in/img/faces/2-image.jpg'}, 'support': {'url': 'https://reqres.in/#support...</msg>
<var>${json}</var>
<arg>json.loads('''${rawdata}''')</arg>
<doc>Evaluates the given expression in Python and returns the result.</doc>
<status status="PASS" start="2024-08-13T11:47:06.025282" elapsed="0.000000"/>
</kw>
<kw name="Log" owner="BuiltIn">
<msg time="2024-08-13T11:47:06.026305" level="INFO">{'data': {'id': 2, 'email': 'janet.weaver@reqres.in', 'first_name': 'Janet', 'last_name': 'Weaver', 'avatar': 'https://reqres.in/img/faces/2-image.jpg'}, 'support': {'url': 'https://reqres.in/#support-heading', 'text': 'To keep ReqRes free, contributions towards server costs are appreciated!'}}</msg>
<arg>${json}</arg>
<doc>Logs the given message with the given level.</doc>
<status status="PASS" start="2024-08-13T11:47:06.026305" elapsed="0.000000"/>
</kw>
<kw name="Run Keyword And Continue On Failure" owner="BuiltIn">
<kw name="Should Be Equal As Integers" owner="BuiltIn">
<msg time="2024-08-13T11:47:06.027271" level="INFO">Argument types are:
&lt;class 'int'&gt;
&lt;class 'str'&gt;</msg>
<arg>${json['data']['id']}</arg>
<arg>2</arg>
<doc>Fails if objects are unequal after converting them to integers.</doc>
<status status="PASS" start="2024-08-13T11:47:06.026305" elapsed="0.000966"/>
</kw>
<arg>should be equal as integers</arg>
<arg>${json['data']['id']}</arg>
<arg>2</arg>
<doc>Runs the keyword and continues execution even if a failure occurs.</doc>
<status status="PASS" start="2024-08-13T11:47:06.026305" elapsed="0.000966"/>
</kw>
<kw name="Run Keyword And Continue On Failure" owner="BuiltIn">
<kw name="Should Be Equal As Strings" owner="BuiltIn">
<arg>${json['data']['first_name']}</arg>
<arg>Janet</arg>
<doc>Fails if objects are unequal after converting them to strings.</doc>
<status status="PASS" start="2024-08-13T11:47:06.027271" elapsed="0.001028"/>
</kw>
<arg>should be equal as strings</arg>
<arg>${json['data']['first_name']}</arg>
<arg>Janet</arg>
<doc>Runs the keyword and continues execution even if a failure occurs.</doc>
<status status="PASS" start="2024-08-13T11:47:06.027271" elapsed="0.001028"/>
</kw>
<kw name="Run Keyword And Continue On Failure" owner="BuiltIn">
<kw name="Should Be Equal As Strings" owner="BuiltIn">
<arg>${json['data']['email']}</arg>
<arg>janet.weaver@reqres.in</arg>
<doc>Fails if objects are unequal after converting them to strings.</doc>
<status status="PASS" start="2024-08-13T11:47:06.028299" elapsed="0.000998"/>
</kw>
<arg>should be equal as strings</arg>
<arg>${json['data']['email']}</arg>
<arg>janet.weaver@reqres.in</arg>
<doc>Runs the keyword and continues execution even if a failure occurs.</doc>
<status status="PASS" start="2024-08-13T11:47:06.028299" elapsed="0.000998"/>
</kw>
<kw name="Run Keyword And Continue On Failure" owner="BuiltIn">
<kw name="Should Be Equal As Strings" owner="BuiltIn">
<arg>${json['data']['last_name']}</arg>
<arg>Weaver</arg>
<doc>Fails if objects are unequal after converting them to strings.</doc>
<status status="PASS" start="2024-08-13T11:47:06.029297" elapsed="0.000967"/>
</kw>
<arg>should be equal as strings</arg>
<arg>${json['data']['last_name']}</arg>
<arg>Weaver</arg>
<doc>Runs the keyword and continues execution even if a failure occurs.</doc>
<status status="PASS" start="2024-08-13T11:47:06.029297" elapsed="0.000967"/>
</kw>
<kw name="Run Keyword And Continue On Failure" owner="BuiltIn">
<kw name="Should Be Equal As Strings" owner="BuiltIn">
<arg>${json['support']['text']}</arg>
<arg>To keep ReqRes free, contributions towards server costs are appreciated!</arg>
<doc>Fails if objects are unequal after converting them to strings.</doc>
<status status="PASS" start="2024-08-13T11:47:06.030264" elapsed="0.000000"/>
</kw>
<arg>should be equal as strings</arg>
<arg>${json['support']['text']}</arg>
<arg>To keep ReqRes free, contributions towards server costs are appreciated!</arg>
<doc>Runs the keyword and continues execution even if a failure occurs.</doc>
<status status="PASS" start="2024-08-13T11:47:06.030264" elapsed="0.000000"/>
</kw>
<arg>${response.content}</arg>
<status status="PASS" start="2024-08-13T11:47:06.024279" elapsed="0.007011"/>
</kw>
<arg>Content_Validation</arg>
<arg>${response.content}</arg>
<doc>Runs the keyword and continues execution even if a failure occurs.</doc>
<status status="PASS" start="2024-08-13T11:47:06.023282" elapsed="0.008008"/>
</kw>
<status status="PASS" start="2024-08-13T11:47:05.715482" elapsed="0.315808"/>
</test>
<status status="PASS" start="2024-08-13T11:47:05.074374" elapsed="0.956916"/>
</suite>
<statistics>
<total>
<stat pass="1" fail="0" skip="0">All Tests</stat>
</total>
<tag>
</tag>
<suite>
<stat pass="1" fail="0" skip="0" id="s1" name="GetAPI">GetAPI</stat>
</suite>
</statistics>
<errors>
<msg time="2024-08-13T11:47:05.718474" level="WARN">Keyword 'RequestsLibrary.Get Request' is deprecated. Please use `GET On Session` instead.</msg>
</errors>
</robot>
